2025-05-01 00:48:14,977 [INFO] Activator:176 - 


2025-05-01 00:48:14,980 [INFO] Activator:177 - !SESSION log4j initialized
2025-05-01 00:48:17,054 [INFO] LogOutputStream:77 - [STDOUT_REDIRECT] 
2025-05-01 00:48:18,191 [INFO] ApplicationProperties:184 - Using Application install path: C:\ST\STM32CubeIDE_1.18.0\STM32CubeIDE\plugins\com.st.stm32cube.common.mx_6.14.0.202502271554
2025-05-01 00:48:18,203 [INFO] DbMcusXml:78 - Set database path to: C:\ST\STM32CubeIDE_1.18.0\STM32CubeIDE\plugins\com.st.stm32cube.common.mx_6.14.0.202502271554\\db\/mcu/
2025-05-01 00:48:18,203 [INFO] ApiDb:274 - Set plugin database path to: C:\ST\STM32CubeIDE_1.18.0\STM32CubeIDE\plugins\com.st.stm32cube.common.mx_6.14.0.202502271554\\db\/plugins/boardmanager/
2025-05-01 00:48:18,203 [WARN] ApiDb:259 - Overriding images path with different value:  => C:\ST\STM32CubeIDE_1.18.0\STM32CubeIDE\plugins\com.st.stm32cube.common.mx_6.14.0.202502271554\\db\/plugins/mcufinder/images/
2025-05-01 00:48:18,207 [INFO] ApiDb:250 - Set database path to: C:\Users\barin\.stmcufinder\plugins\mcufinder//mcu/
2025-05-01 00:48:18,208 [INFO] DbMcusAds:125 - Set database path to: C:\Users\barin\.stmcufinder\plugins\mcufinder//mcu/
2025-05-01 00:48:18,210 [INFO] CrossReferenceDbSqlite:203 - Set database path to: C:\Users\barin\.stmcufinder\plugins\mcufinder//mcu/cs/
2025-05-01 00:48:18,276 [INFO] RulesReader:64 - Compatibility file has been processed (301 Rules)
2025-05-01 00:48:18,325 [INFO] DbMcusXml:78 - Set database path to: C:\ST\STM32CubeIDE_1.18.0\STM32CubeIDE\plugins\com.st.stm32cube.common.mx_6.14.0.202502271554\\db\/mcu/
2025-05-01 00:48:18,325 [INFO] ApiDb:274 - Set plugin database path to: C:\ST\STM32CubeIDE_1.18.0\STM32CubeIDE\plugins\com.st.stm32cube.common.mx_6.14.0.202502271554\\db\/plugins/boardmanager/
2025-05-01 00:48:18,325 [INFO] ApiDb:261 - Set plugin images path to: C:\ST\STM32CubeIDE_1.18.0\STM32CubeIDE\plugins\com.st.stm32cube.common.mx_6.14.0.202502271554\\db\/plugins/mcufinder/images/
2025-05-01 00:48:18,325 [WARN] DbFile:41 - Overriding database path with different value: C:\Users\barin\.stmcufinder\plugins\mcufinder/ => C:\Users\barin\.stmcufinder\plugins\mcufinder
2025-05-01 00:48:18,325 [INFO] ApiDb:250 - Set database path to: C:\Users\barin\.stmcufinder\plugins\mcufinder//mcu/
2025-05-01 00:48:18,325 [WARN] DbFile:41 - Overriding database path with different value: C:\Users\barin\.stmcufinder\plugins\mcufinder/ => C:\Users\barin\.stmcufinder\plugins\mcufinder
2025-05-01 00:48:18,325 [INFO] DbMcusAds:125 - Set database path to: C:\Users\barin\.stmcufinder\plugins\mcufinder//mcu/
2025-05-01 00:48:18,325 [WARN] DbFile:41 - Overriding database path with different value: C:\Users\barin\.stmcufinder\plugins\mcufinder/ => C:\Users\barin\.stmcufinder\plugins\mcufinder
2025-05-01 00:48:18,325 [WARN] DbFile:41 - Overriding database path with different value: C:\Users\barin\.stmcufinder\plugins\mcufinder/ => C:\Users\barin\.stmcufinder\plugins\mcufinder
2025-05-01 00:48:18,325 [INFO] CrossReferenceDbSqlite:203 - Set database path to: C:\Users\barin\.stmcufinder\plugins\mcufinder//mcu/cs/
2025-05-01 00:48:18,372 [INFO] MainPanel:272 - HeapMemory: 268435456
2025-05-01 00:48:18,434 [INFO] DbMcusXml:78 - Set database path to: C:\ST\STM32CubeIDE_1.18.0\STM32CubeIDE\plugins\com.st.stm32cube.common.mx_6.14.0.202502271554\\db\/mcu/
2025-05-01 00:48:18,434 [INFO] ApiDb:274 - Set plugin database path to: C:\ST\STM32CubeIDE_1.18.0\STM32CubeIDE\plugins\com.st.stm32cube.common.mx_6.14.0.202502271554\\db\/plugins/boardmanager/
2025-05-01 00:48:18,434 [INFO] ApiDb:261 - Set plugin images path to: C:\ST\STM32CubeIDE_1.18.0\STM32CubeIDE\plugins\com.st.stm32cube.common.mx_6.14.0.202502271554\\db\/plugins/mcufinder/images/
2025-05-01 00:48:18,434 [WARN] DbFile:41 - Overriding database path with different value: C:\Users\barin\.stmcufinder\plugins\mcufinder/ => C:\Users\barin\.stmcufinder\plugins\mcufinder
2025-05-01 00:48:18,434 [INFO] ApiDb:250 - Set database path to: C:\Users\barin\.stmcufinder\plugins\mcufinder//mcu/
2025-05-01 00:48:18,435 [WARN] DbFile:41 - Overriding database path with different value: C:\Users\barin\.stmcufinder\plugins\mcufinder/ => C:\Users\barin\.stmcufinder\plugins\mcufinder
2025-05-01 00:48:18,435 [INFO] DbMcusAds:125 - Set database path to: C:\Users\barin\.stmcufinder\plugins\mcufinder//mcu/
2025-05-01 00:48:18,435 [WARN] DbFile:41 - Overriding database path with different value: C:\Users\barin\.stmcufinder\plugins\mcufinder/ => C:\Users\barin\.stmcufinder\plugins\mcufinder
2025-05-01 00:48:18,435 [WARN] DbFile:41 - Overriding database path with different value: C:\Users\barin\.stmcufinder\plugins\mcufinder/ => C:\Users\barin\.stmcufinder\plugins\mcufinder
2025-05-01 00:48:18,435 [INFO] CrossReferenceDbSqlite:203 - Set database path to: C:\Users\barin\.stmcufinder\plugins\mcufinder//mcu/cs/
2025-05-01 00:48:18,446 [INFO] ApplicationProperties:184 - Using Application install path: C:\ST\STM32CubeIDE_1.18.0\STM32CubeIDE\plugins\com.st.stm32cube.common.mx_6.14.0.202502271554
2025-05-01 00:48:18,447 [INFO] PluginManage:196 - Search for loadable plugins [exclusion list=, ]
2025-05-01 00:48:18,448 [INFO] PluginManage:310 - Check plugin analytics
2025-05-01 00:48:18,566 [INFO] AnalyticsPlugin:253 - Accepted Software Licenses: STM32CubeMX.6.14.0
2025-05-01 00:48:18,566 [INFO] AnalyticsPlugin:255 - Accepted CMSIS Pack Licenses: 
2025-05-01 00:48:18,566 [INFO] AnalyticsPlugin:257 - Accepted Firmware Licenses: FW.F4.1.28.0
2025-05-01 00:48:18,566 [INFO] PluginManage:359 - Loaded plugin analytics (category:tool,tabindex:-1)
2025-05-01 00:48:18,566 [INFO] PluginManage:310 - Check plugin cadmodel
2025-05-01 00:48:18,569 [INFO] CADModel:105 - Init CAD model plugin
2025-05-01 00:48:18,569 [INFO] PluginManage:359 - Loaded plugin cadmodel (category:power,tabindex:5)
2025-05-01 00:48:18,569 [INFO] PluginManage:310 - Check plugin clock
2025-05-01 00:48:18,575 [INFO] PluginManage:359 - Loaded plugin clock (category:base,tabindex:2)
2025-05-01 00:48:18,575 [INFO] PluginManage:310 - Check plugin ddr
2025-05-01 00:48:18,577 [INFO] PluginManage:359 - Loaded plugin ddr (category:tool,tabindex:6)
2025-05-01 00:48:18,577 [INFO] PluginManage:310 - Check plugin filemanager
2025-05-01 00:48:18,668 [INFO] PluginManage:359 - Loaded plugin filemanager (category:base,tabindex:10)
2025-05-01 00:48:18,668 [INFO] PluginManage:310 - Check plugin ipmanager
2025-05-01 00:48:18,673 [INFO] PluginManage:359 - Loaded plugin ipmanager (category:base,tabindex:5)
2025-05-01 00:48:18,673 [INFO] PluginManage:310 - Check plugin lpbam
2025-05-01 00:48:18,678 [INFO] PluginManage:359 - Loaded plugin lpbam (category:base,tabindex:0)
2025-05-01 00:48:18,678 [INFO] PluginManage:310 - Check plugin memorymap
2025-05-01 00:48:18,688 [INFO] PluginManage:359 - Loaded plugin memorymap (category:base,tabindex:4)
2025-05-01 00:48:18,689 [INFO] PluginManage:310 - Check plugin pinoutandconfiguration
2025-05-01 00:48:18,693 [INFO] PluginManage:359 - Loaded plugin pinoutandconfiguration (category:base,tabindex:1)
2025-05-01 00:48:18,694 [INFO] PluginManage:310 - Check plugin pinoutconfig
2025-05-01 00:48:18,748 [WARN] SupportedApi:132 - Cannot load RTOS API schema: s4s-elt-must-match.1: The content of 'definitions' must match (annotation?, (simpleType | complexType)?, (unique | key | keyref)*)). A problem was found starting at: attribute.
2025-05-01 00:48:18,820 [INFO] PluginManage:359 - Loaded plugin pinoutconfig (category:base,tabindex:0)
2025-05-01 00:48:18,820 [INFO] PluginManage:310 - Check plugin power
2025-05-01 00:48:18,826 [INFO] PluginManage:359 - Loaded plugin power (category:power,tabindex:4)
2025-05-01 00:48:18,826 [INFO] PluginManage:310 - Check plugin projectmanager
2025-05-01 00:48:18,834 [INFO] PluginManage:359 - Loaded plugin projectmanager (category:projectmanager,tabindex:4)
2025-05-01 00:48:18,834 [INFO] PluginManage:310 - Check plugin rif
2025-05-01 00:48:18,838 [INFO] PluginManage:359 - Loaded plugin rif (category:base,tabindex:3)
2025-05-01 00:48:18,838 [INFO] PluginManage:310 - Check plugin thirdparty
2025-05-01 00:48:18,909 [INFO] PluginManage:359 - Loaded plugin thirdparty (category:base,tabindex:-1)
2025-05-01 00:48:18,909 [WARN] IntegrityCheckThread:84 - waiting for thirdparty lock release [integrity check]
2025-05-01 00:48:18,909 [INFO] PluginManage:310 - Check plugin tools
2025-05-01 00:48:18,909 [INFO] IntegrityCheckThread:86 - entering critical section [integrity check]
2025-05-01 00:48:18,910 [INFO] ThirdPartyUpdaterWithRetryManager:70 - Updater plugin not ready yet. [1/15]
2025-05-01 00:48:18,911 [INFO] PluginManage:359 - Loaded plugin tools (category:base,tabindex:7)
2025-05-01 00:48:18,911 [INFO] PluginManage:310 - Check plugin tutovideos
2025-05-01 00:48:19,011 [INFO] PluginManage:359 - Loaded plugin tutovideos (category:base,tabindex:-1)
2025-05-01 00:48:19,011 [INFO] PluginManage:310 - Check plugin updater
2025-05-01 00:48:19,025 [INFO] PluginManage:359 - Loaded plugin updater (category:base,tabindex:12)
2025-05-01 00:48:19,025 [INFO] PluginManage:310 - Check plugin userauth
2025-05-01 00:48:19,027 [INFO] UserAuth:118 - Init User Auth plugin
2025-05-01 00:48:19,028 [INFO] PluginManage:359 - Loaded plugin userauth (category:base,tabindex:14)
2025-05-01 00:48:19,028 [INFO] PluginManage:283 - PluginManage : Loaded plugins [18]
2025-05-01 00:48:19,155 [INFO] PinOutPanel:1589 - setPackage(No Configuration,No Configuration)
2025-05-01 00:48:19,210 [INFO] CADModel:165 - CPN selected for project level
2025-05-01 00:48:19,210 [INFO] CADModel:114 - Register for checkConnection events
2025-05-01 00:48:19,220 [INFO] IPUIPlugin:80 - create IPUIPlugin
2025-05-01 00:48:19,220 [INFO] PluginManager:220 - loadIPPluginJar : add adc
2025-05-01 00:48:19,222 [INFO] IPUIPlugin:80 - create IPUIPlugin
2025-05-01 00:48:19,222 [INFO] PluginManager:220 - loadIPPluginJar : add aes
2025-05-01 00:48:19,223 [INFO] IPUIPlugin:80 - create IPUIPlugin
2025-05-01 00:48:19,223 [INFO] PluginManager:220 - loadIPPluginJar : add can
2025-05-01 00:48:19,224 [INFO] IPUIPlugin:80 - create IPUIPlugin
2025-05-01 00:48:19,224 [INFO] PluginManager:220 - loadIPPluginJar : add comp
2025-05-01 00:48:19,226 [INFO] IPUIPlugin:80 - create IPUIPlugin
2025-05-01 00:48:19,226 [INFO] PluginManager:220 - loadIPPluginJar : add cryp
2025-05-01 00:48:19,227 [INFO] IPUIPlugin:80 - create IPUIPlugin
2025-05-01 00:48:19,227 [INFO] PluginManager:220 - loadIPPluginJar : add ddr_ctrl_phy
2025-05-01 00:48:19,229 [INFO] IPUIPlugin:80 - create IPUIPlugin
2025-05-01 00:48:19,229 [INFO] PluginManager:220 - loadIPPluginJar : add dfsdm
2025-05-01 00:48:19,231 [INFO] IPUIPlugin:80 - create IPUIPlugin
2025-05-01 00:48:19,232 [INFO] PluginManager:220 - loadIPPluginJar : add dma
2025-05-01 00:48:19,233 [INFO] IPUIPlugin:80 - create IPUIPlugin
2025-05-01 00:48:19,233 [INFO] PluginManager:220 - loadIPPluginJar : add dma3
2025-05-01 00:48:19,234 [INFO] IPUIPlugin:80 - create IPUIPlugin
2025-05-01 00:48:19,234 [INFO] PluginManager:220 - loadIPPluginJar : add extmemmanager
2025-05-01 00:48:19,235 [INFO] IPUIPlugin:80 - create IPUIPlugin
2025-05-01 00:48:19,235 [INFO] PluginManager:220 - loadIPPluginJar : add fatfs
2025-05-01 00:48:19,237 [INFO] IPUIPlugin:80 - create IPUIPlugin
2025-05-01 00:48:19,237 [INFO] PluginManager:220 - loadIPPluginJar : add fmc
2025-05-01 00:48:19,240 [INFO] IPUIPlugin:80 - create IPUIPlugin
2025-05-01 00:48:19,240 [INFO] PluginManager:220 - loadIPPluginJar : add freertos
2025-05-01 00:48:19,241 [INFO] IPUIPlugin:80 - create IPUIPlugin
2025-05-01 00:48:19,241 [INFO] PluginManager:220 - loadIPPluginJar : add genericplugin
2025-05-01 00:48:19,242 [INFO] IPUIPlugin:80 - create IPUIPlugin
2025-05-01 00:48:19,242 [INFO] PluginManager:220 - loadIPPluginJar : add gfxmmu
2025-05-01 00:48:19,244 [INFO] IPUIPlugin:80 - create IPUIPlugin
2025-05-01 00:48:19,244 [INFO] PluginManager:220 - loadIPPluginJar : add gic
2025-05-01 00:48:19,246 [INFO] IPUIPlugin:80 - create IPUIPlugin
2025-05-01 00:48:19,246 [INFO] PluginManager:220 - loadIPPluginJar : add gpio
2025-05-01 00:48:19,248 [INFO] IPUIPlugin:80 - create IPUIPlugin
2025-05-01 00:48:19,248 [INFO] PluginManager:220 - loadIPPluginJar : add gtzc
2025-05-01 00:48:19,249 [INFO] IPUIPlugin:80 - create IPUIPlugin
2025-05-01 00:48:19,249 [INFO] PluginManager:220 - loadIPPluginJar : add hash
2025-05-01 00:48:19,250 [INFO] IPUIPlugin:80 - create IPUIPlugin
2025-05-01 00:48:19,250 [INFO] PluginManager:220 - loadIPPluginJar : add i2c
2025-05-01 00:48:19,251 [INFO] IPUIPlugin:80 - create IPUIPlugin
2025-05-01 00:48:19,251 [INFO] PluginManager:220 - loadIPPluginJar : add i2s
2025-05-01 00:48:19,253 [INFO] IPUIPlugin:80 - create IPUIPlugin
2025-05-01 00:48:19,253 [INFO] PluginManager:220 - loadIPPluginJar : add i3c
2025-05-01 00:48:19,255 [INFO] IPUIPlugin:80 - create IPUIPlugin
2025-05-01 00:48:19,255 [INFO] PluginManager:220 - loadIPPluginJar : add ipddr
2025-05-01 00:48:19,260 [INFO] IPUIPlugin:80 - create IPUIPlugin
2025-05-01 00:48:19,260 [INFO] PluginManager:220 - loadIPPluginJar : add linkedlist
2025-05-01 00:48:19,262 [INFO] IPUIPlugin:80 - create IPUIPlugin
2025-05-01 00:48:19,262 [INFO] PluginManager:220 - loadIPPluginJar : add lorawan
2025-05-01 00:48:19,263 [INFO] IPUIPlugin:80 - create IPUIPlugin
2025-05-01 00:48:19,263 [INFO] PluginManager:220 - loadIPPluginJar : add ltdc
2025-05-01 00:48:19,267 [INFO] IPUIPlugin:80 - create IPUIPlugin
2025-05-01 00:48:19,267 [INFO] PluginManager:220 - loadIPPluginJar : add mdma
2025-05-01 00:48:19,269 [INFO] IPUIPlugin:80 - create IPUIPlugin
2025-05-01 00:48:19,269 [INFO] PluginManager:220 - loadIPPluginJar : add nvic
2025-05-01 00:48:19,270 [INFO] IPUIPlugin:80 - create IPUIPlugin
2025-05-01 00:48:19,270 [INFO] PluginManager:220 - loadIPPluginJar : add opamp
2025-05-01 00:48:19,272 [INFO] IPUIPlugin:80 - create IPUIPlugin
2025-05-01 00:48:19,272 [INFO] PluginManager:220 - loadIPPluginJar : add openamp
2025-05-01 00:48:19,274 [INFO] IPUIPlugin:80 - create IPUIPlugin
2025-05-01 00:48:19,274 [INFO] PluginManager:220 - loadIPPluginJar : add pdm2pcm
2025-05-01 00:48:19,277 [INFO] IPUIPlugin:80 - create IPUIPlugin
2025-05-01 00:48:19,278 [INFO] PluginManager:220 - loadIPPluginJar : add plateformsettings
2025-05-01 00:48:19,279 [INFO] IPUIPlugin:80 - create IPUIPlugin
2025-05-01 00:48:19,280 [INFO] PluginManager:220 - loadIPPluginJar : add quadspi
2025-05-01 00:48:19,281 [INFO] IPUIPlugin:80 - create IPUIPlugin
2025-05-01 00:48:19,281 [INFO] PluginManager:220 - loadIPPluginJar : add radio
2025-05-01 00:48:19,283 [INFO] IPUIPlugin:80 - create IPUIPlugin
2025-05-01 00:48:19,283 [INFO] PluginManager:220 - loadIPPluginJar : add resmgrutility
2025-05-01 00:48:19,285 [INFO] IPUIPlugin:80 - create IPUIPlugin
2025-05-01 00:48:19,285 [INFO] PluginManager:220 - loadIPPluginJar : add sai
2025-05-01 00:48:19,286 [INFO] IPUIPlugin:80 - create IPUIPlugin
2025-05-01 00:48:19,286 [INFO] PluginManager:220 - loadIPPluginJar : add spi
2025-05-01 00:48:19,289 [INFO] IPUIPlugin:80 - create IPUIPlugin
2025-05-01 00:48:19,290 [INFO] PluginManager:220 - loadIPPluginJar : add stm32_wpan
2025-05-01 00:48:19,290 [INFO] IPUIPlugin:80 - create IPUIPlugin
2025-05-01 00:48:19,291 [INFO] PluginManager:220 - loadIPPluginJar : add tim
2025-05-01 00:48:19,292 [INFO] IPUIPlugin:80 - create IPUIPlugin
2025-05-01 00:48:19,292 [INFO] PluginManager:220 - loadIPPluginJar : add touchsensing
2025-05-01 00:48:19,293 [INFO] IPUIPlugin:80 - create IPUIPlugin
2025-05-01 00:48:19,293 [INFO] PluginManager:220 - loadIPPluginJar : add tracer_emb
2025-05-01 00:48:19,294 [INFO] IPUIPlugin:80 - create IPUIPlugin
2025-05-01 00:48:19,294 [INFO] PluginManager:220 - loadIPPluginJar : add ts
2025-05-01 00:48:19,295 [INFO] IPUIPlugin:80 - create IPUIPlugin
2025-05-01 00:48:19,295 [INFO] PluginManager:220 - loadIPPluginJar : add tsc
2025-05-01 00:48:19,296 [INFO] IPUIPlugin:80 - create IPUIPlugin
2025-05-01 00:48:19,296 [INFO] PluginManager:220 - loadIPPluginJar : add ucpd
2025-05-01 00:48:19,298 [INFO] IPUIPlugin:80 - create IPUIPlugin
2025-05-01 00:48:19,298 [INFO] PluginManager:220 - loadIPPluginJar : add usart
2025-05-01 00:48:19,299 [INFO] IPUIPlugin:80 - create IPUIPlugin
2025-05-01 00:48:19,299 [INFO] PluginManager:220 - loadIPPluginJar : add usbx
2025-05-01 00:48:19,405 [FATAL] Updater:351 - Updater called before beeing initialized
2025-05-01 00:48:19,418 [INFO] RulesReader:64 - Compatibility file has been processed (301 Rules)
2025-05-01 00:48:19,423 [INFO] RulesReader:64 - Compatibility file has been processed (301 Rules)
2025-05-01 00:48:19,427 [INFO] CADModel:165 - CPN selected for project level
2025-05-01 00:48:19,427 [INFO] CADModel:114 - Register for checkConnection events
2025-05-01 00:48:19,427 [FATAL] Updater:351 - Updater called before beeing initialized
2025-05-01 00:48:19,427 [ERROR] CADModel:125 - Updater not yet initialized, retry later 
2025-05-01 00:48:19,510 [FATAL] Updater:351 - Updater called before beeing initialized
2025-05-01 00:48:19,511 [INFO] CADModel:165 - CPN selected for project level
2025-05-01 00:48:19,511 [INFO] CADModel:114 - Register for checkConnection events
2025-05-01 00:48:19,511 [FATAL] Updater:351 - Updater called before beeing initialized
2025-05-01 00:48:19,511 [ERROR] CADModel:125 - Updater not yet initialized, retry later 
2025-05-01 00:48:19,513 [FATAL] Updater:351 - Updater called before beeing initialized
2025-05-01 00:48:19,571 [FATAL] Updater:351 - Updater called before beeing initialized
2025-05-01 00:48:19,573 [INFO] DbMcusAds:53 - JSON generation date=Thu Mar 06 17:54:22 TRT 2025 (1741272862078)
2025-05-01 00:48:19,573 [FATAL] Updater:351 - Updater called before beeing initialized
2025-05-01 00:48:19,594 [WARN] DetailPanel:346 - Failed to get advertising image, set to default
2025-05-01 00:48:19,756 [FATAL] Updater:351 - Updater called before beeing initialized
2025-05-01 00:48:19,757 [FATAL] Updater:351 - Updater called before beeing initialized
2025-05-01 00:48:19,757 [FATAL] Updater:351 - Updater called before beeing initialized
2025-05-01 00:48:19,757 [WARN] DetailPanel:346 - Failed to get advertising image, set to default
2025-05-01 00:48:19,758 [FATAL] Updater:351 - Updater called before beeing initialized
2025-05-01 00:48:19,783 [ERROR] Updater:1198 - MainUpdater not yet initialized. External WinMGr cannot be set.
2025-05-01 00:48:19,785 [INFO] Updater:1134 - Updater Version found : 6.14.0
2025-05-01 00:48:19,798 [INFO] ApplicationProperties:184 - Using Application install path: C:\ST\STM32CubeIDE_1.18.0\STM32CubeIDE\plugins\com.st.stm32cube.common.mx_6.14.0.202502271554
2025-05-01 00:48:21,364 [ERROR] LogOutputStream:75 - [STDERR_REDIRECT] May 01, 2025 12:48:21 AM java.util.prefs.WindowsPreferences <init>
2025-05-01 00:48:21,364 [ERROR] LogOutputStream:75 - [STDERR_REDIRECT] WARNING: Could not open/create prefs root node Software\JavaSoft\Prefs at root 0xffffffff80000002. Windows RegCreateKeyEx(...) returned error code 5.
2025-05-01 00:48:21,364 [ERROR] LogOutputStream:75 - [STDERR_REDIRECT] 
2025-05-01 00:48:21,651 [INFO] MainUpdater:2872 - connection check result : 10
2025-05-01 00:48:21,651 [INFO] MainUpdater:289 - Updater Check For Update Now.
2025-05-01 00:48:21,651 [INFO] MicroXplorer:498 - Change Database Version : DB.6.0.140
2025-05-01 00:48:21,654 [INFO] McuFinderGlobals:63 - Set McuFinder mode to 2 (CubeIDE integrated)
2025-05-01 00:48:21,655 [INFO] UserAuth:486 - Internet connection configuration mode: 1
2025-05-01 00:48:21,668 [INFO] JxBrowserEngine:152 - Initiate JxBrowser Engine with user profile folder
2025-05-01 00:48:21,801 [INFO] CheckServerUpdateThread:120 - End of CheckServer Thread
2025-05-01 00:48:22,054 [INFO] WebApp:169 - Instantiating new browser for Auth
2025-05-01 00:48:22,067 [WARN] PackLoader:240 - Cannot read IP mode file for STMicroelectronics.FP-SNS-MOTENVWB1.1.4.0
2025-05-01 00:48:22,076 [WARN] PackLoader:240 - Cannot read IP mode file for STMicroelectronics.FP-ATR-ASTRA1.2.0.2
2025-05-01 00:48:22,080 [WARN] PackLoader:240 - Cannot read IP mode file for STMicroelectronics.FP-ATR-ASTRA1.2.0.1
2025-05-01 00:48:22,087 [WARN] PackLoader:240 - Cannot read IP mode file for STMicroelectronics.X-CUBE-SMBUS.2.1.0
2025-05-01 00:48:22,095 [WARN] PackLoader:240 - Cannot read IP mode file for STMicroelectronics.X-CUBE-WB05N.1.1.0
2025-05-01 00:48:22,117 [WARN] PackLoader:240 - Cannot read IP mode file for STMicroelectronics.X-CUBE-AZRTOS-F7.1.1.0
2025-05-01 00:48:22,124 [WARN] PackLoader:240 - Cannot read IP mode file for STMicroelectronics.FP-SNS-FLIGHT1.5.0.2
2025-05-01 00:48:22,141 [WARN] PackLoader:240 - Cannot read IP mode file for Infineon.AIROC-Wi-Fi-Bluetooth-STM32.1.7.0
2025-05-01 00:48:22,152 [WARN] PackLoader:240 - Cannot read IP mode file for STMicroelectronics.X-CUBE-DISPLAY.3.0.0
2025-05-01 00:48:22,160 [WARN] PackLoader:240 - Cannot read IP mode file for STMicroelectronics.X-CUBE-BLE1.7.0.0
2025-05-01 00:48:22,166 [WARN] PackLoader:240 - Cannot read IP mode file for STMicroelectronics.X-CUBE-NFC10.1.0.0
2025-05-01 00:48:22,175 [WARN] PackLoader:240 - Cannot read IP mode file for STMicroelectronics.X-CUBE-BLEMGR.4.0.0
2025-05-01 00:48:22,182 [WARN] PackLoader:240 - Cannot read IP mode file for emotas.I-CUBE-CANOPEN.1.3.0
2025-05-01 00:48:22,186 [WARN] PackLoader:240 - Cannot read IP mode file for STMicroelectronics.X-CUBE-AI.10.0.0
2025-05-01 00:48:22,190 [WARN] PackLoader:240 - Cannot read IP mode file for STMicroelectronics.FP-SNS-SMARTAG2.1.2.0
2025-05-01 00:48:22,194 [WARN] PackLoader:240 - Cannot read IP mode file for STMicroelectronics.FP-SNS-FLIGHT1.5.1.0
2025-05-01 00:48:22,223 [WARN] PackLoader:240 - Cannot read IP mode file for STMicroelectronics.X-CUBE-MEMS1.11.1.0
2025-05-01 00:48:22,321 [INFO] LogOutputStream:77 - [STDOUT_REDIRECT] 1 : Invalid condition id : UX_CORESTACK_Condition cause : null
2025-05-01 00:48:22,321 [INFO] LogOutputStream:77 - [STDOUT_REDIRECT] 1 : Invalid condition id : UX_CORESTACK_Condition cause : null
2025-05-01 00:48:22,322 [INFO] LogOutputStream:77 - [STDOUT_REDIRECT] 1 : Invalid condition id : UX_CORESTACK_Condition cause : null
2025-05-01 00:48:22,322 [INFO] LogOutputStream:77 - [STDOUT_REDIRECT] 1 : Invalid condition id : UX_CORESTACK_Condition cause : null
2025-05-01 00:48:22,323 [INFO] LogOutputStream:77 - [STDOUT_REDIRECT] 1 : Invalid condition id : UX_CORESTACK_Condition cause : null
2025-05-01 00:48:22,324 [WARN] PackLoader:240 - Cannot read IP mode file for STMicroelectronics.X-CUBE-AZRTOS-WL.2.0.0
2025-05-01 00:48:22,329 [WARN] PackLoader:240 - Cannot read IP mode file for STMicroelectronics.FP-SNS-MOTENV1.5.0.0
2025-05-01 00:48:22,333 [WARN] PackLoader:240 - Cannot read IP mode file for wolfSSL.I-CUBE-wolfMQTT.1.19.0
2025-05-01 00:48:22,338 [WARN] PackLoader:240 - Cannot read IP mode file for WES.I-CUBE-Cesium.1.3.0
2025-05-01 00:48:22,341 [WARN] PackLoader:240 - Cannot read IP mode file for STMicroelectronics.X-CUBE-BLE2.3.3.0
2025-05-01 00:48:22,346 [WARN] PackLoader:240 - Cannot read IP mode file for STMicroelectronics.X-CUBE-NFC9.1.0.0
2025-05-01 00:48:22,349 [WARN] PackLoader:240 - Cannot read IP mode file for STMicroelectronics.X-CUBE-BLE1.7.1.0
2025-05-01 00:48:22,376 [WARN] PackLoader:240 - Cannot read IP mode file for STMicroelectronics.X-CUBE-MEMS1.11.2.0
2025-05-01 00:48:22,474 [WARN] PackLoader:240 - Cannot read IP mode file for STMicroelectronics.X-CUBE-AZRTOS-G0.1.1.0
2025-05-01 00:48:22,480 [WARN] PackLoader:240 - Cannot read IP mode file for STMicroelectronics.X-CUBE-SAFEA1.1.2.2
2025-05-01 00:48:22,483 [WARN] PackLoader:240 - Cannot read IP mode file for STMicroelectronics.X-CUBE-NFC4.3.0.0
2025-05-01 00:48:22,489 [WARN] PackLoader:240 - Cannot read IP mode file for EmbeddedOffice.I-CUBE-FS-RTOS.1.0.1
2025-05-01 00:48:22,492 [WARN] PackLoader:240 - Cannot read IP mode file for STMicroelectronics.X-CUBE-WB05N.2.0.0
2025-05-01 00:48:22,496 [WARN] PackLoader:240 - Cannot read IP mode file for STMicroelectronics.X-CUBE-TCPP.4.2.0
2025-05-01 00:48:22,500 [WARN] PackLoader:240 - Cannot read IP mode file for RealThread.X-CUBE-RT-Thread_Nano.4.1.1
2025-05-01 00:48:22,503 [WARN] PackLoader:240 - Cannot read IP mode file for STMicroelectronics.FP-ATR-SIGFOX1.3.2.0
2025-05-01 00:48:22,506 [WARN] ConditionMgr:438 - getConditionDescription Invalid condition id : Cortex-A Device cause : null
2025-05-01 00:48:22,515 [WARN] ConditionMgr:1044 - genDependencies : Invalid condition id : Cortex-A Device cause : null
2025-05-01 00:48:22,515 [WARN] ConditionMgr:1044 - genDependencies : Invalid condition id : Cortex-A Device cause : null
2025-05-01 00:48:22,515 [WARN] ConditionMgr:1044 - genDependencies : Invalid condition id : Cortex-A Device cause : null
2025-05-01 00:48:22,516 [WARN] PackLoader:240 - Cannot read IP mode file for STMicroelectronics.X-CUBE-EEPRMA1.5.1.0
2025-05-01 00:48:22,523 [WARN] PackLoader:240 - Cannot read IP mode file for wolfSSL.I-CUBE-wolfSSL.5.7.4
2025-05-01 00:48:22,527 [WARN] PackLoader:240 - Cannot read IP mode file for ITTIA_DB.I-CUBE-ITTIADB.8.9.0
2025-05-01 00:48:22,540 [WARN] PackLoader:240 - Cannot read IP mode file for SEGGER.I-CUBE-embOS.1.3.1
2025-05-01 00:48:22,563 [WARN] PackLoader:240 - Cannot read IP mode file for STMicroelectronics.X-CUBE-ALGOBUILD.1.4.0
2025-05-01 00:48:22,565 [WARN] PackLoader:240 - Cannot read IP mode file for STMicroelectronics.X-CUBE-AI.9.1.0
2025-05-01 00:48:22,575 [WARN] PackLoader:240 - Cannot read IP mode file for STMicroelectronics.X-CUBE-AZRTOS-F4.1.1.0
2025-05-01 00:48:22,582 [WARN] PackLoader:240 - Cannot read IP mode file for Avnet-IotConnect.X-CUBE-IoTC-DA16k-PMOD.1.0.0
2025-05-01 00:48:22,586 [WARN] PackLoader:240 - Cannot read IP mode file for STMicroelectronics.X-CUBE-ISPU.2.1.0
2025-05-01 00:48:22,596 [WARN] PackLoader:240 - Cannot read IP mode file for STMicroelectronics.X-CUBE-AZRTOS-L5.2.0.0
2025-05-01 00:48:22,603 [WARN] PackLoader:240 - Cannot read IP mode file for STMicroelectronics.X-CUBE-NFC6.3.1.0
2025-05-01 00:48:22,608 [WARN] PackLoader:240 - Cannot read IP mode file for STMicroelectronics.X-CUBE-DPower.1.2.0
2025-05-01 00:48:22,613 [WARN] PackLoader:240 - Cannot read IP mode file for STMicroelectronics.X-CUBE-FREERTOS.1.3.0
2025-05-01 00:48:22,617 [WARN] PackLoader:240 - Cannot read IP mode file for STMicroelectronics.X-CUBE-NFC7.1.0.1
2025-05-01 00:48:22,621 [WARN] PackLoader:240 - Cannot read IP mode file for STMicroelectronics.X-CUBE-DPower.1.3.0
2025-05-01 00:48:22,632 [WARN] ConditionMgr:438 - getConditionDescription Invalid condition id : LAN8742 Phy interface Condition cause : null
2025-05-01 00:48:22,632 [WARN] PackLoader:240 - Cannot read IP mode file for STMicroelectronics.X-CUBE-AZRTOS-L4.2.0.0
2025-05-01 00:48:22,633 [WARN] ConditionMgr:1044 - genDependencies : Invalid condition id : LAN8742 Phy interface Condition cause : null
2025-05-01 00:48:22,633 [WARN] ConditionMgr:1044 - genDependencies : Invalid condition id : LAN8742 Phy interface Condition cause : null
2025-05-01 00:48:22,634 [WARN] ConditionMgr:1044 - genDependencies : Invalid condition id : LAN8742 Phy interface Condition cause : null
2025-05-01 00:48:22,639 [WARN] PackLoader:240 - Cannot read IP mode file for STMicroelectronics.X-CUBE-SFXS2LP1.4.0.0
2025-05-01 00:48:22,652 [WARN] PackLoader:240 - Cannot read IP mode file for STMicroelectronics.X-CUBE-AZRTOS-H7.3.3.0
2025-05-01 00:48:22,661 [WARN] ConditionMgr:438 - getConditionDescription Invalid condition id : UX DEVICE CLASS RTOS Condition cause : null
2025-05-01 00:48:22,661 [WARN] ConditionMgr:438 - getConditionDescription Invalid condition id : UX DEVICE CLASS RTOS Condition cause : null
2025-05-01 00:48:22,663 [WARN] PackLoader:240 - Cannot read IP mode file for STMicroelectronics.X-CUBE-AZRTOS-WB.2.0.0
2025-05-01 00:48:22,663 [WARN] ConditionMgr:1044 - genDependencies : Invalid condition id : UX DEVICE CLASS RTOS Condition cause : null
2025-05-01 00:48:22,663 [WARN] ConditionMgr:1044 - genDependencies : Invalid condition id : UX DEVICE CLASS RTOS Condition cause : null
2025-05-01 00:48:22,663 [WARN] ConditionMgr:1044 - genDependencies : Invalid condition id : UX DEVICE CLASS RTOS Condition cause : null
2025-05-01 00:48:22,664 [WARN] ConditionMgr:1044 - genDependencies : Invalid condition id : UX DEVICE CLASS RTOS Condition cause : null
2025-05-01 00:48:22,664 [WARN] ConditionMgr:1044 - genDependencies : Invalid condition id : UX DEVICE CLASS RTOS Condition cause : null
2025-05-01 00:48:22,668 [WARN] PackLoader:240 - Cannot read IP mode file for STMicroelectronics.X-CUBE-GNSS1.7.0.1
2025-05-01 00:48:22,673 [WARN] PackLoader:240 - Cannot read IP mode file for STMicroelectronics.X-CUBE-TOUCHGFX.4.25.0
2025-05-01 00:48:22,678 [WARN] PackLoader:240 - Cannot read IP mode file for STMicroelectronics.FP-SNS-STBOX1.2.0.0
2025-05-01 00:48:22,686 [WARN] PackLoader:240 - Cannot read IP mode file for STMicroelectronics.X-CUBE-SUBG2.5.0.0
2025-05-01 00:48:22,699 [WARN] PackLoader:240 - Cannot read IP mode file for STMicroelectronics.X-CUBE-AZRTOS-H7RS.1.1.0
2025-05-01 00:48:22,704 [WARN] PackLoader:240 - Cannot read IP mode file for Cesanta.I-CUBE-Mongoose.7.13.0
2025-05-01 00:48:22,712 [WARN] PackLoader:240 - Cannot read IP mode file for STMicroelectronics.X-CUBE-AZRTOS-G4.2.0.0
2025-05-01 00:48:22,717 [WARN] PackLoader:240 - Cannot read IP mode file for STMicroelectronics.X-CUBE-NFC7.2.0.0
2025-05-01 00:48:22,728 [WARN] PackLoader:240 - Cannot read IP mode file for STMicroelectronics.X-CUBE-IPS.3.1.0
2025-05-01 00:48:22,735 [WARN] PackLoader:240 - Cannot read IP mode file for STMicroelectronics.X-CUBE-ALS.1.0.2
2025-05-01 00:48:22,738 [WARN] PackLoader:240 - Cannot read IP mode file for STMicroelectronics.X-CUBE-TOUCHGFX.4.24.2
2025-05-01 00:48:22,742 [WARN] PackLoader:240 - Cannot read IP mode file for wolfSSL.I-CUBE-wolfTPM.3.4.0
2025-05-01 00:48:22,742 [INFO] WebApp:463 - Apply proxy settings
2025-05-01 00:48:22,743 [INFO] WebApp:548 - Chromium requires no authentication
2025-05-01 00:48:22,746 [WARN] PackLoader:240 - Cannot read IP mode file for portGmbH.I-Cube-SoM-uGOAL.1.1.0
2025-05-01 00:48:22,750 [INFO] WebApp:491 - Direct internet connection detected
2025-05-01 00:48:22,754 [WARN] PackLoader:240 - Cannot read IP mode file for STMicroelectronics.X-CUBE-AZRTOS-H7RS.1.0.0
2025-05-01 00:48:22,762 [WARN] PackLoader:240 - Cannot read IP mode file for STMicroelectronics.X-CUBE-TOF1.3.4.2
2025-05-01 00:48:22,772 [INFO] WebApp:894 - Register for checkConnection events
2025-05-01 00:48:22,773 [INFO] WebApp:463 - Apply proxy settings
2025-05-01 00:48:22,773 [INFO] WebApp:548 - Chromium requires no authentication
2025-05-01 00:48:22,773 [INFO] WebApp:491 - Direct internet connection detected
2025-05-01 00:48:22,773 [WARN] PackLoader:240 - Cannot read IP mode file for STMicroelectronics.X-CUBE-TOF1.3.4.3
2025-05-01 00:48:22,782 [WARN] PackLoader:240 - Cannot read IP mode file for wolfSSL.I-CUBE-wolfSSH.1.4.17
2025-05-01 00:48:22,783 [INFO] ThirdParty:978 - Integrity check success = true
2025-05-01 00:48:22,783 [INFO] IntegrityCheckThread:100 - exiting critical section [integrity check]
2025-05-01 00:48:22,783 [INFO] IntegrityCheckThread:103 - End integrity checks thread
2025-05-01 00:48:22,926 [INFO] WebApp:225 - Starting web application
2025-05-01 00:48:22,926 [INFO] WebApp:593 - Web application path used C:\ST\STM32CubeIDE_1.18.0\STM32CubeIDE\plugins\com.st.stm32cube.common.mx_6.14.0.202502271554\db\plugins\mcufinder\reactClient1\index.html
2025-05-01 00:48:23,010 [INFO] UserAuth:486 - Internet connection configuration mode: 1
2025-05-01 00:48:23,058 [ERROR] LogOutputStream:75 - [STDERR_REDIRECT] 
